INFO - Matrix Module Infomation:
---------------  Module Info ----------------
Type    :1
Name    :matrixcz08
Version :0
Author  :author@163.com
Date    :20131115
---------------  Module AVPs ----------------
Baudrate = 9600
Stopbits = 1
Databits = 8
Parity = N


INFO - SerialPort:/dev/ttyUSB0: open successfully with configuration 9600,8,1,N
INFO - SerialRxThread[0x80b13d0] started
INFO - SerialPort:/dev/ttyUSB0: rx_thread start
INFO - SerialPort:/dev/ttyUSB0: closing
INFO - SerialPort:/dev/ttyUSB0: rx_thread exit
INFO - SerialRxThread[0x80b13d0] exit
INFO - SerialPort:/dev/ttyUSB0: closed
INFO - Keyboard Module Infomation:
---------------  Module Info ----------------
Type    :0
Name    :keyboardhoneywell
Version :0
Author  :author@163.com
Date    :20131111
---------------  Module AVPs ----------------
Baudrate = 9600
Stopbits = 1
Databits = 8
Parity = N


INFO - Load new keyboard factory
DEBUG - HandleManager add Handled[0x80b32c8] id=1
INFO - SerialPort:/dev/ttyUSB0: open successfully with configuration 9600,8,1,N
INFO - Keyboard Module Infomation:
---------------  Module Info ----------------
Type    :0
Name    :keyboardjxj
Version :0
Author  :author@163.com
Date    :20131108
---------------  Module AVPs ----------------
Baudrate = 9600
Stopbits = 1
Databits = 8
Parity = N


INFO - Load new keyboard factory
DEBUG - HandleManager add Handled[0x80b4df8] id=2
INFO - SerialPort:/dev/ttyS0: open successfully with configuration 9600,8,1,N
INFO - QueryThread[0x80b50b8] started
INFO - SerialRxThread[0x80b2218] started
INFO - SerialPort:/dev/ttyUSB0: rx_thread start
INFO - SerialRxThread[0x80b3700] started
INFO - SerialPort:/dev/ttyS0: rx_thread start
INFO - SerialPort:/dev/ttyUSB0: closing
INFO - SerialPort:/dev/ttyUSB0: rx_thread exit
INFO - SerialRxThread[0x80b2218] exit
INFO - SerialPort:/dev/ttyUSB0: closed
INFO - QueryThread[0x80b50b8] exit
INFO - SerialPort:/dev/ttyS0: closing
INFO - SerialPort:/dev/ttyS0: rx_thread exit
INFO - SerialRxThread[0x80b3700] exit
INFO - SerialPort:/dev/ttyS0: closed
INFO - SerialPort:/dev/ttyS0: set listener 0xbff6e52c
INFO - SerialPort:/dev/ttyUSB0: open successfully with configuration 9600,8,1,N
INFO - SerialRxThread[0x80b3700] started
INFO - SerialPort:/dev/ttyUSB0: rx_thread start
INFO - SerialPort:/dev/ttyUSB0: closing
INFO - SerialPort:/dev/ttyUSB0: rx_thread exit
INFO - SerialRxThread[0x80b3700] exit
INFO - SerialPort:/dev/ttyUSB0: closed
